c:\users\administrator\desktop\finalproject\release\vc141.pdb
c:\users\administrator\desktop\finalproject\release\session.obj
c:\users\administrator\desktop\finalproject\release\printutils.obj
c:\users\administrator\desktop\finalproject\release\physical.obj
c:\users\administrator\desktop\finalproject\release\datalink.obj
c:\users\administrator\desktop\finalproject\release\application.obj
c:\users\administrator\desktop\finalproject\release\finalproject.ipdb
c:\users\administrator\desktop\finalproject\release\finalproject.iobj
c:\users\administrator\desktop\finalproject\release\finalproject.exe
c:\users\administrator\desktop\finalproject\release\finalproject.pdb
c:\users\administrator\desktop\finalproject\release\menu.res
e:\finalproject_v1\release\application.obj
e:\finalproject_v1\release\datalink.obj
e:\finalproject_v1\release\physical.obj
e:\finalproject_v1\release\printutils.obj
e:\finalproject_v1\release\session.obj
e:\finalproject_v1\release\finalproject.ipdb
e:\finalproject_v1\release\finalproject.iobj
e:\finalproject_v1\release\menu.res
e:\finalproject_v1\release\finalproject.pdb
e:\finalproject_v1\release\vc141.pdb
e:\finalproject_v1\release\finalproject.exe
e:\finalproject_v1\release\finalproject.tlog\cl.command.1.tlog
e:\finalproject_v1\release\finalproject.tlog\cl.read.1.tlog
e:\finalproject_v1\release\finalproject.tlog\cl.write.1.tlog
e:\finalproject_v1\release\finalproject.tlog\finalproject.write.1u.tlog
e:\finalproject_v1\release\finalproject.tlog\link.command.1.tlog
e:\finalproject_v1\release\finalproject.tlog\link.read.1.tlog
e:\finalproject_v1\release\finalproject.tlog\link.write.1.tlog
e:\finalproject_v1\release\finalproject.tlog\rc.command.1.tlog
e:\finalproject_v1\release\finalproject.tlog\rc.read.1.tlog
e:\finalproject_v1\release\finalproject.tlog\rc.write.1.tlog
